<?xml version="1.0" encoding="UTF-8"?>
<testsuite xmlns:xsi="http://www.w3.org/2001/XMLSchema-instance" xsi:noNamespaceSchemaLocation="https://maven.apache.org/surefire/maven-surefire-plugin/xsd/surefire-test-report.xsd" version="3.0.2" name="org.apache.camel.processor.StreamResequencerReverseGateTest" time="2.231" tests="2" errors="0" skipped="0" failures="0" flakes="0">
  <properties>
[...]
</properties>
  <testcase name="testStreamReverseInOrderInputIsDeliveredReversed" classname="org.apache.camel.processor.StreamResequencerReverseGateTest" time="1.201"/>
  <testcase name="testStreamReverseDeliversDescendingSequenceOrder" classname="org.apache.camel.processor.StreamResequencerReverseGateTest" time="1.018"/>
</testsuite>